<?xml version="1.0" encoding="UTF-8"?>
<!-- Generated by org.testng.reporters.JUnitReportReporter -->
<testsuite skipped="0" hostname="DESKTOP-LGCF1AD" name="testcase.bookorder" tests="2" failures="0" timestamp="17 Oct 2020 14:47:19 GMT" time="97.305" errors="0">
  <testcase name="testbase" time="22.817" classname="testcase.bookorder"/>
  <testcase name="testbook" time="74.488" classname="testcase.bookorder"/>
</testsuite> <!-- testcase.bookorder -->
