<?xml version="1.0" encoding="UTF-8"?>
<!-- Generated by org.testng.reporters.JUnitReportReporter -->
<testsuite skipped="0" hostname="DESKTOP-LGCF1AD" name="com.TestScripts.Bookorder.bookorder" tests="2" failures="0" timestamp="17 Oct 2020 22:20:12 GMT" time="171.681" errors="0">
  <testcase name="testbase" time="28.896" classname="com.TestScripts.Bookorder.bookorder"/>
  <testcase name="testbook" time="142.785" classname="com.TestScripts.Bookorder.bookorder"/>
</testsuite> <!-- com.TestScripts.Bookorder.bookorder -->
